<?xml version="1.0" encoding="UTF-8"?>
<!-- Generated by org.testng.reporters.JUnitReportReporter -->
<testsuite skipped="0" hostname="LENOVO" name="samplePractice.BuildDeploy3" tests="1" failures="0" timestamp="05 Dec 2022 10:43:03 GMT" time="0.015" errors="0">
  <testcase name="updated" time="0.015" classname="samplePractice.BuildDeploy3"/>
</testsuite> <!-- samplePractice.BuildDeploy3 -->
